#
# There is insufficient memory for the Java Runtime Environment to continue.
# Native memory allocation (malloc) failed to allocate 32744 bytes for ChunkPool::allocate
# Possible reasons:
#   The system is out of physical RAM or swap space
#   The process is running with CompressedOops enabled, and the Java Heap may be blocking the growth of the native heap
# Possible solutions:
#   Reduce memory load on the system
#   Increase physical memory or swap space
#   Check if swap backing store is full
#   Decrease Java heap size (-Xmx/-Xms)
#   Decrease number of Java threads
#   Decrease Java thread stack sizes (-Xss)
#   Set larger code cache with -XX:ReservedCodeCacheSize=
#   JVM is running with Unscaled Compressed Oops mode in which the Java heap is
#     placed in the first 4GB address space. The Java Heap base address is the
#     maximum limit for the native heap growth. Please use -XX:HeapBaseMinAddress
#     to set the Java Heap base and to place the Java Heap above 4GB virtual address.
# This output file may be truncated or incomplete.
#
#  Out of Memory Error (allocation.cpp:272), pid=26696, tid=0x0000000000005f34
#
# JRE version: Java(TM) SE Runtime Environment (8.0_341-b10) (build 1.8.0_341-b10)
# Java VM: Java HotSpot(TM) 64-Bit Server VM (25.341-b10 mixed mode windows-amd64 compressed oops)
# Failed to write core dump. Minidumps are not enabled by default on client versions of Windows
#

---------------  T H R E A D  ---------------

Current thread (0x00000249e0fcb000):  JavaThread "C1 CompilerThread3" daemon [_thread_in_native, id=24372, stack(0x00000078d1500000,0x00000078d1600000)]

Stack: [0x00000078d1500000,0x00000078d1600000]
Native frames: (J=compiled Java code, j=interpreted, Vv=VM code, C=native code)
V  [jvm.dll+0x32fa99]


Current CompileTask:
C1: 797321  940       3       jdk.internal.org.objectweb.asm.Label::resolve (214 bytes)


---------------  P R O C E S S  ---------------

Java Threads: ( => current thread )
  0x00000249e3785800 JavaThread "TimerQueue" daemon [_thread_blocked, id=17216, stack(0x00000078d2000000,0x00000078d2100000)]
  0x00000249ca392800 JavaThread "DestroyJavaVM" [_thread_blocked, id=21544, stack(0x00000078d0400000,0x00000078d0500000)]
  0x00000249e32ef800 JavaThread "AWT-EventQueue-0" [_thread_blocked, id=22856, stack(0x00000078d1b00000,0x00000078d1c00000)]
  0x00000249e2732800 JavaThread "AWT-Windows" daemon [_thread_in_native, id=29600, stack(0x00000078d1a00000,0x00000078d1b00000)]
  0x00000249e272c000 JavaThread "AWT-Shutdown" [_thread_blocked, id=27912, stack(0x00000078d1900000,0x00000078d1a00000)]
  0x00000249e2729000 JavaThread "Java2D Disposer" daemon [_thread_blocked, id=15724, stack(0x00000078d1800000,0x00000078d1900000)]
  0x00000249e2378800 JavaThread "Service Thread" daemon [_thread_blocked, id=24692, stack(0x00000078d1600000,0x00000078d1700000)]
=>0x00000249e0fcb000 JavaThread "C1 CompilerThread3" daemon [_thread_in_native, id=24372, stack(0x00000078d1500000,0x00000078d1600000)]
  0x00000249e0fca000 JavaThread "C2 CompilerThread2" daemon [_thread_blocked, id=16068, stack(0x00000078d1400000,0x00000078d1500000)]
  0x00000249e0fb6800 JavaThread "C2 CompilerThread1" daemon [_thread_blocked, id=12612, stack(0x00000078d1300000,0x00000078d1400000)]
  0x00000249e0fb2800 JavaThread "C2 CompilerThread0" daemon [_thread_blocked, id=20360, stack(0x00000078d1200000,0x00000078d1300000)]
  0x00000249e0fb0000 JavaThread "Attach Listener" daemon [_thread_blocked, id=15432, stack(0x00000078d1100000,0x00000078d1200000)]
  0x00000249e0fad000 JavaThread "Signal Dispatcher" daemon [_thread_blocked, id=28944, stack(0x00000078d1000000,0x00000078d1100000)]
  0x00000249e0f8f800 JavaThread "Finalizer" daemon [_thread_blocked, id=10152, stack(0x00000078d0f00000,0x00000078d1000000)]
  0x00000249e0379000 JavaThread "Reference Handler" daemon [_thread_blocked, id=26784, stack(0x00000078d0e00000,0x00000078d0f00000)]

Other Threads:
  0x00000249e0f62800 VMThread [stack: 0x00000078d0d00000,0x00000078d0e00000] [id=26452]
  0x00000249e238c800 WatcherThread [stack: 0x00000078d1700000,0x00000078d1800000] [id=23716]

VM state:not at safepoint (normal execution)

VM Mutex/Monitor currently owned by a thread: None

heap address: 0x0000000084400000, size: 1980 MB, Compressed Oops mode: 32-bit
Narrow klass base: 0x0000000000000000, Narrow klass shift: 3
Compressed class space size: 1073741824 Address: 0x0000000100000000

Heap:
 PSYoungGen      total 36864K, used 20077K [0x00000000d6c00000, 0x00000000d9500000, 0x0000000100000000)
  eden space 31744K, 63% used [0x00000000d6c00000,0x00000000d7f9b6b0,0x00000000d8b00000)
  from space 5120K, 0% used [0x00000000d9000000,0x00000000d9000000,0x00000000d9500000)
  to   space 5120K, 0% used [0x00000000d8b00000,0x00000000d8b00000,0x00000000d9000000)
 ParOldGen       total 84992K, used 0K [0x0000000084400000, 0x0000000089700000, 0x00000000d6c00000)
  object space 84992K, 0% used [0x0000000084400000,0x0000000084400000,0x0000000089700000)
 Metaspace       used 12630K, capacity 12894K, committed 13056K, reserved 1060864K
  class space    used 1675K, capacity 1775K, committed 1792K, reserved 1048576K

Card table byte_map: [0x00000249db210000,0x00000249db5f0000] byte_map_base: 0x00000249dadee000

Marking Bits: (ParMarkBitMap*) 0x0000000076e29030
 Begin Bits: [0x00000249db890000, 0x00000249dd780000)
 End Bits:   [0x00000249dd780000, 0x00000249df670000)

Polling page: 0x00000249ca650000

CodeCache: size=245760Kb used=3283Kb max_used=3283Kb free=242476Kb
 bounds [0x00000249cbe50000, 0x00000249cc190000, 0x00000249dae50000]
 total_blobs=1430 nmethods=939 adapters=404
 compilation: enabled

Compilation events (10 events):
Event: 4.999 Thread 0x00000249e0fcb000 nmethod 934 0x00000249cc181e50 code [0x00000249cc182040, 0x00000249cc182b30]
Event: 4.999 Thread 0x00000249e0fcb000  935       3       java.awt.EventQueue$3::run (5 bytes)
Event: 4.999 Thread 0x00000249e0fcb000 nmethod 935 0x00000249cc182d50 code [0x00000249cc182ec0, 0x00000249cc183070]
Event: 4.999 Thread 0x00000249e0fcb000  936       3       java.awt.EventQueue$3::run (60 bytes)
Event: 4.999 Thread 0x00000249e0fcb000 nmethod 936 0x00000249cc183110 code [0x00000249cc1832c0, 0x00000249cc183700]
Event: 4.999 Thread 0x00000249e0fcb000  937       3       java.awt.EventQueue::access$500 (7 bytes)
Event: 4.999 Thread 0x00000249e0fcb000 nmethod 937 0x00000249cc183910 code [0x00000249cc183a80, 0x00000249cc183bf0]
Event: 4.999 Thread 0x00000249e0fcb000  938       3       java.awt.EventQueue::dispatchEventImpl (149 bytes)
Event: 5.000 Thread 0x00000249e0fcb000 nmethod 938 0x00000249cc183cd0 code [0x00000249cc184040, 0x00000249cc185ec0]
Event: 797.303 Thread 0x00000249e0fcb000  940       3       jdk.internal.org.objectweb.asm.Label::resolve (214 bytes)

GC Heap History (0 events):
No events

Deoptimization events (7 events):
Event: 0.137 Thread 0x00000249ca392800 Uncommon trap: reason=null_check action=make_not_entrant pc=0x00000249cbfbfc64 method=java.lang.String.equals(Ljava/lang/Object;)Z @ 8
Event: 0.412 Thread 0x00000249e32ef800 Uncommon trap: reason=class_check action=maybe_recompile pc=0x00000249cc0c8918 method=java.util.HashMap.putVal(ILjava/lang/Object;Ljava/lang/Object;ZZ)Ljava/lang/Object; @ 203
Event: 0.412 Thread 0x00000249e32ef800 Uncommon trap: reason=class_check action=maybe_recompile pc=0x00000249cc0c8918 method=java.util.HashMap.putVal(ILjava/lang/Object;Ljava/lang/Object;ZZ)Ljava/lang/Object; @ 203
Event: 0.412 Thread 0x00000249e32ef800 Uncommon trap: reason=class_check action=maybe_recompile pc=0x00000249cc0c8918 method=java.util.HashMap.putVal(ILjava/lang/Object;Ljava/lang/Object;ZZ)Ljava/lang/Object; @ 203
Event: 0.412 Thread 0x00000249e32ef800 Uncommon trap: reason=class_check action=maybe_recompile pc=0x00000249cc0c8918 method=java.util.HashMap.putVal(ILjava/lang/Object;Ljava/lang/Object;ZZ)Ljava/lang/Object; @ 203
Event: 0.415 Thread 0x00000249e32ef800 Uncommon trap: reason=unstable_if action=reinterpret pc=0x00000249cc0917d8 method=java.lang.CharacterData.of(I)Ljava/lang/CharacterData; @ 4
Event: 0.428 Thread 0x00000249e32ef800 Uncommon trap: reason=unstable_if action=reinterpret pc=0x00000249cc135dec method=java.lang.Character.isSurrogate(C)Z @ 3

Classes redefined (0 events):
No events

Internal exceptions (9 events):
Event: 0.022 Thread 0x00000249ca392800 Exception <a 'java/lang/NoSuchMethodError': Method sun.misc.Unsafe.defineClass(Ljava/lang/String;[BII)Ljava/lang/Class; name or signature does not match> (0x00000000d6c07cc8) thrown at [C:\jenkins\workspace\8-2-build-windows-x64-cygwin\jdk8u341\2692\hotsp
Event: 0.022 Thread 0x00000249ca392800 Exception <a 'java/lang/NoSuchMethodError': Method sun.misc.Unsafe.prefetchRead(Ljava/lang/Object;J)V name or signature does not match> (0x00000000d6c07fb0) thrown at [C:\jenkins\workspace\8-2-build-windows-x64-cygwin\jdk8u341\2692\hotspot\src\share\vm\pr
Event: 0.067 Thread 0x00000249ca392800 Exception <a 'java/security/PrivilegedActionException'> (0x00000000d6c9ad70) thrown at [C:\jenkins\workspace\8-2-build-windows-x64-cygwin\jdk8u341\2692\hotspot\src\share\vm\prims\jvm.cpp, line 1523]
Event: 0.067 Thread 0x00000249ca392800 Exception <a 'java/security/PrivilegedActionException'> (0x00000000d6c9af80) thrown at [C:\jenkins\workspace\8-2-build-windows-x64-cygwin\jdk8u341\2692\hotspot\src\share\vm\prims\jvm.cpp, line 1523]
Event: 0.070 Thread 0x00000249ca392800 Exception <a 'java/io/FileNotFoundException'> (0x00000000d6c9d070) thrown at [C:\jenkins\workspace\8-2-build-windows-x64-cygwin\jdk8u341\2692\hotspot\src\share\vm\prims\jni.cpp, line 710]
Event: 0.091 Thread 0x00000249ca392800 Exception <a 'java/lang/NoSuchFieldError': method resolution failed> (0x00000000d6e0dd08) thrown at [C:\jenkins\workspace\8-2-build-windows-x64-cygwin\jdk8u341\2692\hotspot\src\share\vm\prims\methodHandles.cpp, line 1188]
Event: 0.091 Thread 0x00000249ca392800 Exception <a 'java/lang/NoSuchFieldError': method resolution failed> (0x00000000d6e1b0d8) thrown at [C:\jenkins\workspace\8-2-build-windows-x64-cygwin\jdk8u341\2692\hotspot\src\share\vm\prims\methodHandles.cpp, line 1188]
Event: 0.117 Thread 0x00000249ca392800 Exception <a 'java/io/FileNotFoundException'> (0x00000000d6eb5fb8) thrown at [C:\jenkins\workspace\8-2-build-windows-x64-cygwin\jdk8u341\2692\hotspot\src\share\vm\prims\jni.cpp, line 710]
Event: 0.137 Thread 0x00000249ca392800 Implicit null exception at 0x00000249cbfbfa9b to 0x00000249cbfbfc55

Events (10 events):
Event: 1.177 loading class java/awt/event/MouseWheelEvent done
Event: 3.974 loading class java/awt/LightweightDispatcher$2
Event: 3.974 loading class java/awt/LightweightDispatcher$2 done
Event: 4.083 Executing VM operation: EnableBiasedLocking
Event: 4.083 Executing VM operation: EnableBiasedLocking done
Event: 4.984 loading class java/awt/KeyboardFocusManager$2
Event: 4.984 loading class java/awt/KeyboardFocusManager$2 done
Event: 4.984 loading class sun/awt/SunToolkit$1
Event: 4.984 loading class sun/awt/SunToolkit$1 done
Event: 5.246 Thread 0x00000249e3340800 Thread exited: 0x00000249e3340800


Dynamic libraries:
0x00007ff61d8e0000 - 0x00007ff61d927000 	C:\Program Files\Java\jdk1.8.0_341\bin\java.exe
0x00007ffc20310000 - 0x00007ffc20527000 	C:\WINDOWS\SYSTEM32\ntdll.dll
0x00007ffc1f130000 - 0x00007ffc1f1f4000 	C:\WINDOWS\System32\KERNEL32.DLL
0x00007ffc1da60000 - 0x00007ffc1de06000 	C:\WINDOWS\System32\KERNELBASE.dll
0x00007ffc1f000000 - 0x00007ffc1f0b0000 	C:\WINDOWS\System32\ADVAPI32.dll
0x00007ffc1e9c0000 - 0x00007ffc1ea67000 	C:\WINDOWS\System32\msvcrt.dll
0x00007ffc20120000 - 0x00007ffc201c6000 	C:\WINDOWS\System32\sechost.dll
0x00007ffc1f2f0000 - 0x00007ffc1f407000 	C:\WINDOWS\System32\RPCRT4.dll
0x00007ffc1e570000 - 0x00007ffc1e71d000 	C:\WINDOWS\System32\USER32.dll
0x00007ffc1e040000 - 0x00007ffc1e066000 	C:\WINDOWS\System32\win32u.dll
0x00007ffc1e070000 - 0x00007ffc1e099000 	C:\WINDOWS\System32\GDI32.dll
0x00007ffc1d710000 - 0x00007ffc1d828000 	C:\WINDOWS\System32\gdi32full.dll
0x00007ffc1dfa0000 - 0x00007ffc1e03a000 	C:\WINDOWS\System32\msvcp_win.dll
0x00007ffc1de80000 - 0x00007ffc1df91000 	C:\WINDOWS\System32\ucrtbase.dll
0x00007ffc04e90000 - 0x00007ffc05123000 	C:\WINDOWS\WinSxS\amd64_microsoft.windows.common-controls_6595b64144ccf1df_6.0.22621.2361_none_2712ced57382f843\COMCTL32.dll
0x00007ffc1e0a0000 - 0x00007ffc1e0d1000 	C:\WINDOWS\System32\IMM32.DLL
0x00007ffc10680000 - 0x00007ffc10695000 	C:\Program Files\Java\jdk1.8.0_341\jre\bin\vcruntime140.dll
0x00007ffbfbb80000 - 0x00007ffbfbc1b000 	C:\Program Files\Java\jdk1.8.0_341\jre\bin\msvcp140.dll
0x0000000076640000 - 0x0000000076ea1000 	C:\Program Files\Java\jdk1.8.0_341\jre\bin\server\jvm.dll
0x00007ffc202a0000 - 0x00007ffc202a8000 	C:\WINDOWS\System32\PSAPI.DLL
0x00007ffc157d0000 - 0x00007ffc157da000 	C:\WINDOWS\SYSTEM32\VERSION.dll
0x00007ffc15950000 - 0x00007ffc15984000 	C:\WINDOWS\SYSTEM32\WINMM.dll
0x00007ffc14900000 - 0x00007ffc14909000 	C:\WINDOWS\SYSTEM32\WSOCK32.dll
0x00007ffc1f0b0000 - 0x00007ffc1f121000 	C:\WINDOWS\System32\WS2_32.dll
0x00007ffc1c760000 - 0x00007ffc1c778000 	C:\WINDOWS\SYSTEM32\kernel.appcore.dll
0x00007ffc11960000 - 0x00007ffc11970000 	C:\Program Files\Java\jdk1.8.0_341\jre\bin\verify.dll
0x00007ffc047f0000 - 0x00007ffc0481b000 	C:\Program Files\Java\jdk1.8.0_341\jre\bin\java.dll
0x00007ffc0c750000 - 0x00007ffc0c768000 	C:\Program Files\Java\jdk1.8.0_341\jre\bin\zip.dll
0x00007ffc1f420000 - 0x00007ffc1fc78000 	C:\WINDOWS\System32\SHELL32.dll
0x00007ffc1b600000 - 0x00007ffc1bef2000 	C:\WINDOWS\SYSTEM32\windows.storage.dll
0x00007ffc1e0e0000 - 0x00007ffc1e46a000 	C:\WINDOWS\System32\combase.dll
0x00007ffc1b4c0000 - 0x00007ffc1b5fe000 	C:\WINDOWS\SYSTEM32\wintypes.dll
0x00007ffc1e8c0000 - 0x00007ffc1e9b3000 	C:\WINDOWS\System32\SHCORE.dll
0x00007ffc200c0000 - 0x00007ffc2011e000 	C:\WINDOWS\System32\shlwapi.dll
0x00007ffc1d5c0000 - 0x00007ffc1d5e6000 	C:\WINDOWS\SYSTEM32\profapi.dll
0x00007ffbb5dc0000 - 0x00007ffbb5f55000 	C:\Program Files\Java\jdk1.8.0_341\jre\bin\awt.dll
0x00007ffc1f200000 - 0x00007ffc1f2d7000 	C:\WINDOWS\System32\OLEAUT32.dll
0x00007ffc1a5a0000 - 0x00007ffc1a637000 	C:\WINDOWS\SYSTEM32\apphelp.dll
0x00007ffc1a920000 - 0x00007ffc1a94b000 	C:\WINDOWS\system32\DWMAPI.DLL
0x00007ffc1a6e0000 - 0x00007ffc1a78b000 	C:\WINDOWS\system32\uxtheme.dll
0x00007ffbf5b50000 - 0x00007ffbf5c50000 	C:\WINDOWS\system32\opengl32.dll
0x00007ffc01a60000 - 0x00007ffc01a8d000 	C:\WINDOWS\SYSTEM32\GLU32.dll
0x00007ffc1a990000 - 0x00007ffc1a9c6000 	C:\WINDOWS\SYSTEM32\dxcore.dll
0x00007ffc1fdb0000 - 0x00007ffc1fefc000 	C:\WINDOWS\System32\MSCTF.dll
0x00007ffc1e720000 - 0x00007ffc1e8bf000 	C:\WINDOWS\System32\ole32.dll
0x00007ffc1d690000 - 0x00007ffc1d70a000 	C:\WINDOWS\System32\bcryptPrimitives.dll
0x00007ffbfbb30000 - 0x00007ffbfbb79000 	C:\Program Files\Java\jdk1.8.0_341\jre\bin\fontmanager.dll
0x00007ffc0c670000 - 0x00007ffc0c68c000 	C:\Program Files\Java\jdk1.8.0_341\jre\bin\net.dll
0x00007ffc1cc40000 - 0x00007ffc1cca9000 	C:\WINDOWS\system32\mswsock.dll
0x00007ffc03f80000 - 0x00007ffc03f93000 	C:\Program Files\Java\jdk1.8.0_341\jre\bin\nio.dll
0x00007ffbecfe0000 - 0x00007ffbed023000 	C:\Program Files\Java\jdk1.8.0_341\jre\bin\t2k.dll
0x00007ffc1fc80000 - 0x00007ffc1fd30000 	C:\WINDOWS\System32\clbcatq.dll
0x00007ffc195b0000 - 0x00007ffc19760000 	C:\WINDOWS\SYSTEM32\WindowsCodecs.dll
0x00007ffbfa4c0000 - 0x00007ffbfa51e000 	C:\WINDOWS\system32\dataexchange.dll
0x00007ffc14f90000 - 0x00007ffc15215000 	C:\WINDOWS\system32\twinapi.appcore.dll
0x00007ffc0f8d0000 - 0x00007ffc0fa1a000 	C:\WINDOWS\SYSTEM32\textinputframework.dll
0x00007ffc1a2c0000 - 0x00007ffc1a3f3000 	C:\WINDOWS\SYSTEM32\CoreMessaging.dll
0x00007ffc165b0000 - 0x00007ffc1691c000 	C:\WINDOWS\SYSTEM32\CoreUIComponents.dll
0x00007ffc1ceb0000 - 0x00007ffc1cebc000 	C:\WINDOWS\SYSTEM32\CRYPTBASE.DLL
0x00007ffc02d30000 - 0x00007ffc02d9b000 	C:\WINDOWS\system32\Ninput.dll

VM Arguments:
jvm_args: -Dfile.encoding=UTF-8 
java_command: atm.management.system.project.SignupOne
java_class_path (initial): C:\Users\DELL\Downloads\jcalendar-tz-1.3.3-4.jar;C:\Users\DELL\Documents\NetBeansProjects\Atm management system project\build\classes
Launcher Type: SUN_STANDARD

Environment Variables:
PATH=C:\Program Files (x86)\Common Files\Oracle\Java\javapath;C:\Windows\system32;C:\Windows;C:\Windows\System32\Wbem;C:\Windows\System32\WindowsPowerShell\v1.0\;C:\Windows\System32\OpenSSH\;C:\Program Files\NVIDIA Corporation\NVIDIA NvDLISR;C:\WINDOWS\system32;C:\WINDOWS;C:\WINDOWS\System32\Wbem;C:\WINDOWS\System32\WindowsPowerShell\v1.0\;C:\WINDOWS\System32\OpenSSH\;C:\Users\DELL\AppData\Local\Microsoft\WindowsApps;
USERNAME=DELL
OS=Windows_NT
PROCESSOR_IDENTIFIER=Intel64 Family 6 Model 140 Stepping 1, GenuineIntel



---------------  S Y S T E M  ---------------

OS: Windows 11 , 64 bit Build 22621 (10.0.22621.2428)

CPU:total 8 (initial active 8) (4 cores per cpu, 2 threads per core) family 6 model 140 stepping 1, cmov, cx8, fxsr, mmx, sse, sse2, sse3, ssse3, sse4.1, sse4.2, popcnt, avx, avx2, aes, clmul, erms, 3dnowpref, lzcnt, ht, tsc, tscinvbit, bmi1, bmi2, adx

Memory: 4k page, physical 8104744k(1127976k free), swap 27674532k(0k free)

vm_info: Java HotSpot(TM) 64-Bit Server VM (25.341-b10) for windows-amd64 JRE (1.8.0_341-b10), built on Jun 16 2022 15:51:07 by "java_re" with MS VC++ 15.9 (VS2017)

time: Fri Nov 10 23:15:16 2023
timezone: Bangladesh Standard Time
elapsed time: 797.327619 seconds (0d 0h 13m 17s)

