#
# There is insufficient memory for the Java Runtime Environment to continue.
# Native memory allocation (malloc) failed to allocate 1048576 bytes for AllocateHeap
# Possible reasons:
#   The system is out of physical RAM or swap space
#   The process is running with CompressedOops enabled, and the Java Heap may be blocking the growth of the native heap
# Possible solutions:
#   Reduce memory load on the system
#   Increase physical memory or swap space
#   Check if swap backing store is full
#   Decrease Java heap size (-Xmx/-Xms)
#   Decrease number of Java threads
#   Decrease Java thread stack sizes (-Xss)
#   Set larger code cache with -XX:ReservedCodeCacheSize=
#   JVM is running with Unscaled Compressed Oops mode in which the Java heap is
#     placed in the first 4GB address space. The Java Heap base address is the
#     maximum limit for the native heap growth. Please use -XX:HeapBaseMinAddress
#     to set the Java Heap base and to place the Java Heap above 4GB virtual address.
# This output file may be truncated or incomplete.
#
#  Out of Memory Error (memory/allocation.inline.hpp:61), pid=25624, tid=0x0000000000007724
#
# JRE version:  (8.0_341-b10) (build )
# Java VM: Java HotSpot(TM) 64-Bit Server VM (25.341-b10 mixed mode windows-amd64 compressed oops)
# Failed to write core dump. Minidumps are not enabled by default on client versions of Windows
#

---------------  T H R E A D  ---------------

Current thread (0x000002b60e4c2800):  JavaThread "Unknown thread" [_thread_in_vm, id=30500, stack(0x000000d4cd400000,0x000000d4cd500000)]

Stack: [0x000000d4cd400000,0x000000d4cd500000]
Native frames: (J=compiled Java code, j=interpreted, Vv=VM code, C=native code)
V  [jvm.dll+0x32fa99]
V  [jvm.dll+0x275ff2]
V  [jvm.dll+0x276c9d]
V  [jvm.dll+0x26d645]
V  [jvm.dll+0x509d]
V  [jvm.dll+0x3d4203]
V  [jvm.dll+0x3d4c18]
V  [jvm.dll+0xfd12f]
V  [jvm.dll+0x20a71b]
V  [jvm.dll+0x239267]
V  [jvm.dll+0x162c56]
C  [java.exe+0x2312]
C  [java.exe+0x15f54]
C  [KERNEL32.DLL+0x1257d]
C  [ntdll.dll+0x5aa78]


---------------  P R O C E S S  ---------------

Java Threads: ( => current thread )

Other Threads:

=>0x000002b60e4c2800 (exited) JavaThread "Unknown thread" [_thread_in_vm, id=30500, stack(0x000000d4cd400000,0x000000d4cd500000)]

VM state:not at safepoint (normal execution)

VM Mutex/Monitor currently owned by a thread: None

heap address: 0x0000000084400000, size: 1980 MB, Compressed Oops mode: 32-bit
Narrow klass base: 0x0000000000000000, Narrow klass shift: 3
Compressed class space size: 1073741824 Address: 0x0000000100000000

Heap:
 PSYoungGen      total 36864K, used 634K [0x00000000d6c00000, 0x00000000d9500000, 0x0000000100000000)
  eden space 31744K, 2% used [0x00000000d6c00000,0x00000000d6c9eb90,0x00000000d8b00000)
  from space 5120K, 0% used [0x00000000d9000000,0x00000000d9000000,0x00000000d9500000)
  to   space 5120K, 0% used [0x00000000d8b00000,0x00000000d8b00000,0x00000000d9000000)
 ParOldGen       total 84992K, used 0K [0x0000000084400000, 0x0000000089700000, 0x00000000d6c00000)
  object space 84992K, 0% used [0x0000000084400000,0x0000000084400000,0x0000000089700000)
 Metaspace       used 778K, capacity 4480K, committed 4480K, reserved 1056768K
  class space    used 76K, capacity 384K, committed 384K, reserved 1048576K

Card table byte_map: [0x000002b61f270000,0x000002b61f650000] byte_map_base: 0x000002b61ee4e000

Marking Bits: (ParMarkBitMap*) 0x0000000076e29030
 Begin Bits: [0x000002b61f8f0000, 0x000002b6217e0000)
 End Bits:   [0x000002b6217e0000, 0x000002b6236d0000)

Polling page: 0x000002b60fe80000

CodeCache: size=245760Kb used=329Kb max_used=329Kb free=245430Kb
 bounds [0x000002b60feb0000, 0x000002b610120000, 0x000002b61eeb0000]
 total_blobs=58 nmethods=0 adapters=38
 compilation: enabled

Compilation events (0 events):
No events

GC Heap History (0 events):
No events

Deoptimization events (0 events):
No events

Classes redefined (0 events):
No events

Internal exceptions (0 events):
No events

Events (10 events):
Event: 0.017 loading class java/lang/Short
Event: 0.017 loading class java/lang/Short done
Event: 0.017 loading class java/lang/Integer
Event: 0.017 loading class java/lang/Integer done
Event: 0.017 loading class java/lang/Long
Event: 0.017 loading class java/lang/Long done
Event: 0.018 loading class java/lang/NullPointerException
Event: 0.018 loading class java/lang/NullPointerException done
Event: 0.018 loading class java/lang/ArithmeticException
Event: 0.018 loading class java/lang/ArithmeticException done


Dynamic libraries:
0x00007ff61d8e0000 - 0x00007ff61d927000 	C:\Program Files\Java\jdk1.8.0_341\bin\java.exe
0x00007ffc20310000 - 0x00007ffc20527000 	C:\WINDOWS\SYSTEM32\ntdll.dll
0x00007ffc1f130000 - 0x00007ffc1f1f4000 	C:\WINDOWS\System32\KERNEL32.DLL
0x00007ffc1da60000 - 0x00007ffc1de06000 	C:\WINDOWS\System32\KERNELBASE.dll
0x00007ffc1f000000 - 0x00007ffc1f0b0000 	C:\WINDOWS\System32\ADVAPI32.dll
0x00007ffc1e9c0000 - 0x00007ffc1ea67000 	C:\WINDOWS\System32\msvcrt.dll
0x00007ffc20120000 - 0x00007ffc201c6000 	C:\WINDOWS\System32\sechost.dll
0x00007ffc1f2f0000 - 0x00007ffc1f407000 	C:\WINDOWS\System32\RPCRT4.dll
0x00007ffc1e570000 - 0x00007ffc1e71d000 	C:\WINDOWS\System32\USER32.dll
0x00007ffc1e040000 - 0x00007ffc1e066000 	C:\WINDOWS\System32\win32u.dll
0x00007ffc1e070000 - 0x00007ffc1e099000 	C:\WINDOWS\System32\GDI32.dll
0x00007ffc1d710000 - 0x00007ffc1d828000 	C:\WINDOWS\System32\gdi32full.dll
0x00007ffc1dfa0000 - 0x00007ffc1e03a000 	C:\WINDOWS\System32\msvcp_win.dll
0x00007ffc1de80000 - 0x00007ffc1df91000 	C:\WINDOWS\System32\ucrtbase.dll
0x00007ffc04e90000 - 0x00007ffc05123000 	C:\WINDOWS\WinSxS\amd64_microsoft.windows.common-controls_6595b64144ccf1df_6.0.22621.2361_none_2712ced57382f843\COMCTL32.dll
0x00007ffc1e0a0000 - 0x00007ffc1e0d1000 	C:\WINDOWS\System32\IMM32.DLL
0x00007ffc10680000 - 0x00007ffc10695000 	C:\Program Files\Java\jdk1.8.0_341\jre\bin\vcruntime140.dll
0x00007ffbfbb80000 - 0x00007ffbfbc1b000 	C:\Program Files\Java\jdk1.8.0_341\jre\bin\msvcp140.dll
0x0000000076640000 - 0x0000000076ea1000 	C:\Program Files\Java\jdk1.8.0_341\jre\bin\server\jvm.dll
0x00007ffc202a0000 - 0x00007ffc202a8000 	C:\WINDOWS\System32\PSAPI.DLL
0x00007ffc14900000 - 0x00007ffc14909000 	C:\WINDOWS\SYSTEM32\WSOCK32.dll
0x00007ffc1f0b0000 - 0x00007ffc1f121000 	C:\WINDOWS\System32\WS2_32.dll
0x00007ffc157d0000 - 0x00007ffc157da000 	C:\WINDOWS\SYSTEM32\VERSION.dll
0x00007ffc15950000 - 0x00007ffc15984000 	C:\WINDOWS\SYSTEM32\WINMM.dll
0x00007ffc1c760000 - 0x00007ffc1c778000 	C:\WINDOWS\SYSTEM32\kernel.appcore.dll
0x00007ffc11960000 - 0x00007ffc11970000 	C:\Program Files\Java\jdk1.8.0_341\jre\bin\verify.dll
0x00007ffc047f0000 - 0x00007ffc0481b000 	C:\Program Files\Java\jdk1.8.0_341\jre\bin\java.dll
0x00007ffc0c750000 - 0x00007ffc0c768000 	C:\Program Files\Java\jdk1.8.0_341\jre\bin\zip.dll
0x00007ffc1ad80000 - 0x00007ffc1afae000 	C:\WINDOWS\SYSTEM32\dbghelp.dll
0x00007ffc1e0e0000 - 0x00007ffc1e46a000 	C:\WINDOWS\System32\combase.dll
0x00007ffc1f200000 - 0x00007ffc1f2d7000 	C:\WINDOWS\System32\OLEAUT32.dll
0x00007ffc1d690000 - 0x00007ffc1d70a000 	C:\WINDOWS\System32\bcryptPrimitives.dll

VM Arguments:
jvm_args: -Dfile.encoding=UTF-8 
java_command: atm.management.system.project.SignupOne
java_class_path (initial): C:\Users\DELL\Downloads\jcalendar-tz-1.3.3-4.jar;C:\Users\DELL\Documents\NetBeansProjects\Atm management system project\build\classes
Launcher Type: SUN_STANDARD

Environment Variables:
PATH=C:\Program Files (x86)\Common Files\Oracle\Java\javapath;C:\Windows\system32;C:\Windows;C:\Windows\System32\Wbem;C:\Windows\System32\WindowsPowerShell\v1.0\;C:\Windows\System32\OpenSSH\;C:\Program Files\NVIDIA Corporation\NVIDIA NvDLISR;C:\WINDOWS\system32;C:\WINDOWS;C:\WINDOWS\System32\Wbem;C:\WINDOWS\System32\WindowsPowerShell\v1.0\;C:\WINDOWS\System32\OpenSSH\;C:\Users\DELL\AppData\Local\Microsoft\WindowsApps;
USERNAME=DELL
OS=Windows_NT
PROCESSOR_IDENTIFIER=Intel64 Family 6 Model 140 Stepping 1, GenuineIntel



---------------  S Y S T E M  ---------------

OS: Windows 11 , 64 bit Build 22621 (10.0.22621.2428)

CPU:total 8 (initial active 8) (4 cores per cpu, 2 threads per core) family 6 model 140 stepping 1, cmov, cx8, fxsr, mmx, sse, sse2, sse3, ssse3, sse4.1, sse4.2, popcnt, avx, avx2, aes, clmul, erms, 3dnowpref, lzcnt, ht, tsc, tscinvbit, bmi1, bmi2, adx

Memory: 4k page, physical 8104744k(1132324k free), swap 27674532k(5560k free)

vm_info: Java HotSpot(TM) 64-Bit Server VM (25.341-b10) for windows-amd64 JRE (1.8.0_341-b10), built on Jun 16 2022 15:51:07 by "java_re" with MS VC++ 15.9 (VS2017)

time: Fri Nov 10 23:03:47 2023
timezone: Bangladesh Standard Time
elapsed time: 0.038042 seconds (0d 0h 0m 0s)

