#
# There is insufficient memory for the Java Runtime Environment to continue.
# Native memory allocation (malloc) failed to allocate 32744 bytes for ChunkPool::allocate
# Possible reasons:
#   The system is out of physical RAM or swap space
#   The process is running with CompressedOops enabled, and the Java Heap may be blocking the growth of the native heap
# Possible solutions:
#   Reduce memory load on the system
#   Increase physical memory or swap space
#   Check if swap backing store is full
#   Decrease Java heap size (-Xmx/-Xms)
#   Decrease number of Java threads
#   Decrease Java thread stack sizes (-Xss)
#   Set larger code cache with -XX:ReservedCodeCacheSize=
#   JVM is running with Unscaled Compressed Oops mode in which the Java heap is
#     placed in the first 4GB address space. The Java Heap base address is the
#     maximum limit for the native heap growth. Please use -XX:HeapBaseMinAddress
#     to set the Java Heap base and to place the Java Heap above 4GB virtual address.
# This output file may be truncated or incomplete.
#
#  Out of Memory Error (allocation.cpp:272), pid=30368, tid=0x0000000000004468
#
# JRE version: Java(TM) SE Runtime Environment (8.0_341-b10) (build 1.8.0_341-b10)
# Java VM: Java HotSpot(TM) 64-Bit Server VM (25.341-b10 mixed mode windows-amd64 compressed oops)
# Failed to write core dump. Minidumps are not enabled by default on client versions of Windows
#

---------------  T H R E A D  ---------------

Current thread (0x000001f963498000):  JavaThread "C1 CompilerThread3" daemon [_thread_in_native, id=17512, stack(0x000000b373100000,0x000000b373200000)]

Stack: [0x000000b373100000,0x000000b373200000]
Native frames: (J=compiled Java code, j=interpreted, Vv=VM code, C=native code)
V  [jvm.dll+0x32fa99]


Current CompileTask:
C1: 881348 1451       3       sun.invoke.util.VerifyAccess::isSamePackage (114 bytes)


---------------  P R O C E S S  ---------------

Java Threads: ( => current thread )
  0x000001f9652fc800 JavaThread "TimerQueue" daemon [_thread_blocked, id=27540, stack(0x000000b373c00000,0x000000b373d00000)]
  0x000001f94c9f5000 JavaThread "DestroyJavaVM" [_thread_blocked, id=28496, stack(0x000000b372000000,0x000000b372100000)]
  0x000001f965013800 JavaThread "AWT-EventQueue-0" [_thread_in_native, id=28888, stack(0x000000b373700000,0x000000b373800000)]
  0x000001f964c41800 JavaThread "AWT-Windows" daemon [_thread_in_native, id=26728, stack(0x000000b373600000,0x000000b373700000)]
  0x000001f964c3c000 JavaThread "AWT-Shutdown" [_thread_blocked, id=13048, stack(0x000000b373500000,0x000000b373600000)]
  0x000001f964c36800 JavaThread "Java2D Disposer" daemon [_thread_blocked, id=1716, stack(0x000000b373400000,0x000000b373500000)]
  0x000001f96350b800 JavaThread "Service Thread" daemon [_thread_blocked, id=25616, stack(0x000000b373200000,0x000000b373300000)]
=>0x000001f963498000 JavaThread "C1 CompilerThread3" daemon [_thread_in_native, id=17512, stack(0x000000b373100000,0x000000b373200000)]
  0x000001f963493800 JavaThread "C2 CompilerThread2" daemon [_thread_blocked, id=28572, stack(0x000000b373000000,0x000000b373100000)]
  0x000001f96348f800 JavaThread "C2 CompilerThread1" daemon [_thread_blocked, id=29752, stack(0x000000b372f00000,0x000000b373000000)]
  0x000001f963481800 JavaThread "C2 CompilerThread0" daemon [_thread_blocked, id=3760, stack(0x000000b372e00000,0x000000b372f00000)]
  0x000001f963480800 JavaThread "Attach Listener" daemon [_thread_blocked, id=16436, stack(0x000000b372d00000,0x000000b372e00000)]
  0x000001f96347f800 JavaThread "Signal Dispatcher" daemon [_thread_blocked, id=19716, stack(0x000000b372c00000,0x000000b372d00000)]
  0x000001f962858000 JavaThread "Finalizer" daemon [_thread_blocked, id=20272, stack(0x000000b372b00000,0x000000b372c00000)]
  0x000001f96345a000 JavaThread "Reference Handler" daemon [_thread_blocked, id=27604, stack(0x000000b372a00000,0x000000b372b00000)]

Other Threads:
  0x000001f963434800 VMThread [stack: 0x000000b372900000,0x000000b372a00000] [id=23204]
  0x000001f964882000 WatcherThread [stack: 0x000000b373300000,0x000000b373400000] [id=26752]

VM state:not at safepoint (normal execution)

VM Mutex/Monitor currently owned by a thread: None

heap address: 0x0000000084400000, size: 1980 MB, Compressed Oops mode: 32-bit
Narrow klass base: 0x0000000000000000, Narrow klass shift: 3
Compressed class space size: 1073741824 Address: 0x0000000100000000

Heap:
 PSYoungGen      total 36864K, used 23910K [0x00000000d6c00000, 0x00000000d9500000, 0x0000000100000000)
  eden space 31744K, 75% used [0x00000000d6c00000,0x00000000d8359ab0,0x00000000d8b00000)
  from space 5120K, 0% used [0x00000000d9000000,0x00000000d9000000,0x00000000d9500000)
  to   space 5120K, 0% used [0x00000000d8b00000,0x00000000d8b00000,0x00000000d9000000)
 ParOldGen       total 84992K, used 0K [0x0000000084400000, 0x0000000089700000, 0x00000000d6c00000)
  object space 84992K, 0% used [0x0000000084400000,0x0000000084400000,0x0000000089700000)
 Metaspace       used 13083K, capacity 13300K, committed 13568K, reserved 1060864K
  class space    used 1678K, capacity 1778K, committed 1792K, reserved 1048576K

Card table byte_map: [0x000001f95d6f0000,0x000001f95dad0000] byte_map_base: 0x000001f95d2ce000

Marking Bits: (ParMarkBitMap*) 0x0000000076e29030
 Begin Bits: [0x000001f95dd70000, 0x000001f95fc60000)
 End Bits:   [0x000001f95fc60000, 0x000001f961b50000)

Polling page: 0x000001f94e300000

CodeCache: size=245760Kb used=4831Kb max_used=4842Kb free=240928Kb
 bounds [0x000001f94e330000, 0x000001f94e7f0000, 0x000001f95d330000]
 total_blobs=1939 nmethods=1447 adapters=404
 compilation: enabled

Compilation events (10 events):
Event: 32.524 Thread 0x000001f963498000 nmethod 1441 0x000001f94e7e1990 code [0x000001f94e7e1cc0, 0x000001f94e7e3fb0]
Event: 32.524 Thread 0x000001f963498000 1442       3       sun.awt.windows.WToolkit::showOrHideTouchKeyboard (199 bytes)
Event: 32.524 Thread 0x000001f963498000 nmethod 1442 0x000001f94e7e48d0 code [0x000001f94e7e4c00, 0x000001f94e7e6b40]
Event: 32.653 Thread 0x000001f963498000 1443       3       java.awt.LightweightDispatcher::processMouseEvent (286 bytes)
Event: 32.654 Thread 0x000001f963498000 nmethod 1443 0x000001f94e7e7550 code [0x000001f94e7e78c0, 0x000001f94e7e96e0]
Event: 881.329 Thread 0x000001f963498000 1445       3       jdk.internal.org.objectweb.asm.Label::resolve (214 bytes)
Event: 881.331 Thread 0x000001f963498000 nmethod 1445 0x000001f94e7ea250 code [0x000001f94e7ea3e0, 0x000001f94e7ea878]
Event: 881.342 Thread 0x000001f963481800 1449       4       java.lang.Class::getName (21 bytes)
Event: 881.343 Thread 0x000001f963481800 nmethod 1449 0x000001f94e7d3e50 code [0x000001f94e7d3fa0, 0x000001f94e7d4048]
Event: 881.343 Thread 0x000001f963498000 1451       3       sun.invoke.util.VerifyAccess::isSamePackage (114 bytes)

GC Heap History (0 events):
No events

Deoptimization events (10 events):
Event: 0.161 Thread 0x000001f94c9f5000 Uncommon trap: reason=null_check action=make_not_entrant pc=0x000001f94e496464 method=java.lang.String.equals(Ljava/lang/Object;)Z @ 8
Event: 0.455 Thread 0x000001f965013800 Uncommon trap: reason=class_check action=maybe_recompile pc=0x000001f94e5ac0d8 method=java.util.HashMap.putVal(ILjava/lang/Object;Ljava/lang/Object;ZZ)Ljava/lang/Object; @ 203
Event: 0.455 Thread 0x000001f965013800 Uncommon trap: reason=class_check action=maybe_recompile pc=0x000001f94e5ac0d8 method=java.util.HashMap.putVal(ILjava/lang/Object;Ljava/lang/Object;ZZ)Ljava/lang/Object; @ 203
Event: 0.455 Thread 0x000001f965013800 Uncommon trap: reason=class_check action=maybe_recompile pc=0x000001f94e5ac0d8 method=java.util.HashMap.putVal(ILjava/lang/Object;Ljava/lang/Object;ZZ)Ljava/lang/Object; @ 203
Event: 0.455 Thread 0x000001f965013800 Uncommon trap: reason=class_check action=maybe_recompile pc=0x000001f94e5ac0d8 method=java.util.HashMap.putVal(ILjava/lang/Object;Ljava/lang/Object;ZZ)Ljava/lang/Object; @ 203
Event: 0.459 Thread 0x000001f965013800 Uncommon trap: reason=unstable_if action=reinterpret pc=0x000001f94e574158 method=java.lang.CharacterData.of(I)Ljava/lang/CharacterData; @ 4
Event: 0.472 Thread 0x000001f965013800 Uncommon trap: reason=unstable_if action=reinterpret pc=0x000001f94e61c02c method=java.lang.Character.isSurrogate(C)Z @ 3
Event: 3.409 Thread 0x000001f965013800 Uncommon trap: reason=class_check action=maybe_recompile pc=0x000001f94e4b5de0 method=java.lang.String.equals(Ljava/lang/Object;)Z @ 8
Event: 33.307 Thread 0x000001f965013800 Uncommon trap: reason=unstable_if action=reinterpret pc=0x000001f94e7a5730 method=java.awt.EventQueue.getPriority(Ljava/awt/AWTEvent;)I @ 4
Event: 33.307 Thread 0x000001f965013800 Uncommon trap: reason=class_check action=maybe_recompile pc=0x000001f94e7d15e4 method=java.awt.EventQueue.uncacheEQItem(Lsun/awt/EventQueueItem;)V @ 20

Classes redefined (0 events):
No events

Internal exceptions (9 events):
Event: 0.023 Thread 0x000001f94c9f5000 Exception <a 'java/lang/NoSuchMethodError': Method sun.misc.Unsafe.defineClass(Ljava/lang/String;[BII)Ljava/lang/Class; name or signature does not match> (0x00000000d6c07cc8) thrown at [C:\jenkins\workspace\8-2-build-windows-x64-cygwin\jdk8u341\2692\hotsp
Event: 0.023 Thread 0x000001f94c9f5000 Exception <a 'java/lang/NoSuchMethodError': Method sun.misc.Unsafe.prefetchRead(Ljava/lang/Object;J)V name or signature does not match> (0x00000000d6c07fb0) thrown at [C:\jenkins\workspace\8-2-build-windows-x64-cygwin\jdk8u341\2692\hotspot\src\share\vm\pr
Event: 0.081 Thread 0x000001f94c9f5000 Exception <a 'java/security/PrivilegedActionException'> (0x00000000d6c9ad70) thrown at [C:\jenkins\workspace\8-2-build-windows-x64-cygwin\jdk8u341\2692\hotspot\src\share\vm\prims\jvm.cpp, line 1523]
Event: 0.081 Thread 0x000001f94c9f5000 Exception <a 'java/security/PrivilegedActionException'> (0x00000000d6c9af80) thrown at [C:\jenkins\workspace\8-2-build-windows-x64-cygwin\jdk8u341\2692\hotspot\src\share\vm\prims\jvm.cpp, line 1523]
Event: 0.085 Thread 0x000001f94c9f5000 Exception <a 'java/io/FileNotFoundException'> (0x00000000d6c9d070) thrown at [C:\jenkins\workspace\8-2-build-windows-x64-cygwin\jdk8u341\2692\hotspot\src\share\vm\prims\jni.cpp, line 710]
Event: 0.111 Thread 0x000001f94c9f5000 Exception <a 'java/lang/NoSuchFieldError': method resolution failed> (0x00000000d6e0dd08) thrown at [C:\jenkins\workspace\8-2-build-windows-x64-cygwin\jdk8u341\2692\hotspot\src\share\vm\prims\methodHandles.cpp, line 1188]
Event: 0.112 Thread 0x000001f94c9f5000 Exception <a 'java/lang/NoSuchFieldError': method resolution failed> (0x00000000d6e1b0d8) thrown at [C:\jenkins\workspace\8-2-build-windows-x64-cygwin\jdk8u341\2692\hotspot\src\share\vm\prims\methodHandles.cpp, line 1188]
Event: 0.140 Thread 0x000001f94c9f5000 Exception <a 'java/io/FileNotFoundException'> (0x00000000d6eb5cd8) thrown at [C:\jenkins\workspace\8-2-build-windows-x64-cygwin\jdk8u341\2692\hotspot\src\share\vm\prims\jni.cpp, line 710]
Event: 0.161 Thread 0x000001f94c9f5000 Implicit null exception at 0x000001f94e49629b to 0x000001f94e496455

Events (10 events):
Event: 33.307 Thread 0x000001f965013800 DEOPT UNPACKING pc=0x000001f94e3758c3 sp=0x000000b3737feaa8 mode 2
Event: 33.307 Thread 0x000001f965013800 Uncommon trap: trap_request=0xffffffde fr.pc=0x000001f94e7d15e4
Event: 33.307 Thread 0x000001f965013800 DEOPT PACKING pc=0x000001f94e7d15e4 sp=0x000000b3737fec80
Event: 33.307 Thread 0x000001f965013800 DEOPT UNPACKING pc=0x000001f94e3758c3 sp=0x000000b3737feba0 mode 2
Event: 881.334 loading class java/util/WeakHashMap$KeyIterator
Event: 881.334 loading class java/util/WeakHashMap$HashIterator
Event: 881.334 loading class java/util/WeakHashMap$HashIterator done
Event: 881.334 loading class java/util/WeakHashMap$KeyIterator done
Event: 881.335 loading class javax/swing/RepaintManager$DisplayChangedRunnable
Event: 881.335 loading class javax/swing/RepaintManager$DisplayChangedRunnable done


Dynamic libraries:
0x00007ff61d8e0000 - 0x00007ff61d927000 	C:\Program Files\Java\jdk1.8.0_341\bin\java.exe
0x00007ffc20310000 - 0x00007ffc20527000 	C:\WINDOWS\SYSTEM32\ntdll.dll
0x00007ffc1f130000 - 0x00007ffc1f1f4000 	C:\WINDOWS\System32\KERNEL32.DLL
0x00007ffc1da60000 - 0x00007ffc1de06000 	C:\WINDOWS\System32\KERNELBASE.dll
0x00007ffc1f000000 - 0x00007ffc1f0b0000 	C:\WINDOWS\System32\ADVAPI32.dll
0x00007ffc1e9c0000 - 0x00007ffc1ea67000 	C:\WINDOWS\System32\msvcrt.dll
0x00007ffc20120000 - 0x00007ffc201c6000 	C:\WINDOWS\System32\sechost.dll
0x00007ffc1f2f0000 - 0x00007ffc1f407000 	C:\WINDOWS\System32\RPCRT4.dll
0x00007ffc1e570000 - 0x00007ffc1e71d000 	C:\WINDOWS\System32\USER32.dll
0x00007ffc1e040000 - 0x00007ffc1e066000 	C:\WINDOWS\System32\win32u.dll
0x00007ffc1e070000 - 0x00007ffc1e099000 	C:\WINDOWS\System32\GDI32.dll
0x00007ffc1d710000 - 0x00007ffc1d828000 	C:\WINDOWS\System32\gdi32full.dll
0x00007ffc1dfa0000 - 0x00007ffc1e03a000 	C:\WINDOWS\System32\msvcp_win.dll
0x00007ffc1de80000 - 0x00007ffc1df91000 	C:\WINDOWS\System32\ucrtbase.dll
0x00007ffc04e90000 - 0x00007ffc05123000 	C:\WINDOWS\WinSxS\amd64_microsoft.windows.common-controls_6595b64144ccf1df_6.0.22621.2361_none_2712ced57382f843\COMCTL32.dll
0x00007ffc1e0a0000 - 0x00007ffc1e0d1000 	C:\WINDOWS\System32\IMM32.DLL
0x00007ffc10680000 - 0x00007ffc10695000 	C:\Program Files\Java\jdk1.8.0_341\jre\bin\vcruntime140.dll
0x00007ffbfbb80000 - 0x00007ffbfbc1b000 	C:\Program Files\Java\jdk1.8.0_341\jre\bin\msvcp140.dll
0x0000000076640000 - 0x0000000076ea1000 	C:\Program Files\Java\jdk1.8.0_341\jre\bin\server\jvm.dll
0x00007ffc202a0000 - 0x00007ffc202a8000 	C:\WINDOWS\System32\PSAPI.DLL
0x00007ffc14900000 - 0x00007ffc14909000 	C:\WINDOWS\SYSTEM32\WSOCK32.dll
0x00007ffc15950000 - 0x00007ffc15984000 	C:\WINDOWS\SYSTEM32\WINMM.dll
0x00007ffc157d0000 - 0x00007ffc157da000 	C:\WINDOWS\SYSTEM32\VERSION.dll
0x00007ffc1f0b0000 - 0x00007ffc1f121000 	C:\WINDOWS\System32\WS2_32.dll
0x00007ffc1c760000 - 0x00007ffc1c778000 	C:\WINDOWS\SYSTEM32\kernel.appcore.dll
0x00007ffc11960000 - 0x00007ffc11970000 	C:\Program Files\Java\jdk1.8.0_341\jre\bin\verify.dll
0x00007ffc047f0000 - 0x00007ffc0481b000 	C:\Program Files\Java\jdk1.8.0_341\jre\bin\java.dll
0x00007ffc0c750000 - 0x00007ffc0c768000 	C:\Program Files\Java\jdk1.8.0_341\jre\bin\zip.dll
0x00007ffc1f420000 - 0x00007ffc1fc78000 	C:\WINDOWS\System32\SHELL32.dll
0x00007ffc1b600000 - 0x00007ffc1bef2000 	C:\WINDOWS\SYSTEM32\windows.storage.dll
0x00007ffc1e0e0000 - 0x00007ffc1e46a000 	C:\WINDOWS\System32\combase.dll
0x00007ffc1b4c0000 - 0x00007ffc1b5fe000 	C:\WINDOWS\SYSTEM32\wintypes.dll
0x00007ffc1e8c0000 - 0x00007ffc1e9b3000 	C:\WINDOWS\System32\SHCORE.dll
0x00007ffc200c0000 - 0x00007ffc2011e000 	C:\WINDOWS\System32\shlwapi.dll
0x00007ffc1d5c0000 - 0x00007ffc1d5e6000 	C:\WINDOWS\SYSTEM32\profapi.dll
0x00007ffbb5dc0000 - 0x00007ffbb5f55000 	C:\Program Files\Java\jdk1.8.0_341\jre\bin\awt.dll
0x00007ffc1f200000 - 0x00007ffc1f2d7000 	C:\WINDOWS\System32\OLEAUT32.dll
0x00007ffc1a5a0000 - 0x00007ffc1a637000 	C:\WINDOWS\SYSTEM32\apphelp.dll
0x00007ffc1a920000 - 0x00007ffc1a94b000 	C:\WINDOWS\system32\DWMAPI.DLL
0x00007ffc1a6e0000 - 0x00007ffc1a78b000 	C:\WINDOWS\system32\uxtheme.dll
0x00007ffbf5b50000 - 0x00007ffbf5c50000 	C:\WINDOWS\system32\opengl32.dll
0x00007ffc01a60000 - 0x00007ffc01a8d000 	C:\WINDOWS\SYSTEM32\GLU32.dll
0x00007ffc1a990000 - 0x00007ffc1a9c6000 	C:\WINDOWS\SYSTEM32\dxcore.dll
0x00007ffc1fdb0000 - 0x00007ffc1fefc000 	C:\WINDOWS\System32\MSCTF.dll
0x00007ffc1e720000 - 0x00007ffc1e8bf000 	C:\WINDOWS\System32\ole32.dll
0x00007ffc1d690000 - 0x00007ffc1d70a000 	C:\WINDOWS\System32\bcryptPrimitives.dll
0x00007ffbfbb30000 - 0x00007ffbfbb79000 	C:\Program Files\Java\jdk1.8.0_341\jre\bin\fontmanager.dll
0x00007ffc0c670000 - 0x00007ffc0c68c000 	C:\Program Files\Java\jdk1.8.0_341\jre\bin\net.dll
0x00007ffc1cc40000 - 0x00007ffc1cca9000 	C:\WINDOWS\system32\mswsock.dll
0x00007ffc03f80000 - 0x00007ffc03f93000 	C:\Program Files\Java\jdk1.8.0_341\jre\bin\nio.dll
0x00007ffbecfe0000 - 0x00007ffbed023000 	C:\Program Files\Java\jdk1.8.0_341\jre\bin\t2k.dll
0x00007ffc1fc80000 - 0x00007ffc1fd30000 	C:\WINDOWS\System32\clbcatq.dll
0x00007ffc195b0000 - 0x00007ffc19760000 	C:\WINDOWS\SYSTEM32\WindowsCodecs.dll
0x00007ffbfa4c0000 - 0x00007ffbfa51e000 	C:\WINDOWS\system32\dataexchange.dll
0x00007ffc14f90000 - 0x00007ffc15215000 	C:\WINDOWS\system32\twinapi.appcore.dll
0x00007ffc0f8d0000 - 0x00007ffc0fa1a000 	C:\WINDOWS\SYSTEM32\textinputframework.dll
0x00007ffc1a2c0000 - 0x00007ffc1a3f3000 	C:\WINDOWS\SYSTEM32\CoreMessaging.dll
0x00007ffc165b0000 - 0x00007ffc1691c000 	C:\WINDOWS\SYSTEM32\CoreUIComponents.dll
0x00007ffc1ceb0000 - 0x00007ffc1cebc000 	C:\WINDOWS\SYSTEM32\CRYPTBASE.DLL
0x00007ffc02d30000 - 0x00007ffc02d9b000 	C:\WINDOWS\system32\Ninput.dll

VM Arguments:
jvm_args: -Dfile.encoding=UTF-8 
java_command: atm.management.system.project.SignupOne
java_class_path (initial): C:\Users\DELL\Downloads\jcalendar-tz-1.3.3-4.jar;C:\Users\DELL\Documents\NetBeansProjects\Atm management system project\build\classes
Launcher Type: SUN_STANDARD

Environment Variables:
PATH=C:\Program Files (x86)\Common Files\Oracle\Java\javapath;C:\Windows\system32;C:\Windows;C:\Windows\System32\Wbem;C:\Windows\System32\WindowsPowerShell\v1.0\;C:\Windows\System32\OpenSSH\;C:\Program Files\NVIDIA Corporation\NVIDIA NvDLISR;C:\WINDOWS\system32;C:\WINDOWS;C:\WINDOWS\System32\Wbem;C:\WINDOWS\System32\WindowsPowerShell\v1.0\;C:\WINDOWS\System32\OpenSSH\;C:\Users\DELL\AppData\Local\Microsoft\WindowsApps;
USERNAME=DELL
OS=Windows_NT
PROCESSOR_IDENTIFIER=Intel64 Family 6 Model 140 Stepping 1, GenuineIntel



---------------  S Y S T E M  ---------------

OS: Windows 11 , 64 bit Build 22621 (10.0.22621.2428)

CPU:total 8 (initial active 8) (4 cores per cpu, 2 threads per core) family 6 model 140 stepping 1, cmov, cx8, fxsr, mmx, sse, sse2, sse3, ssse3, sse4.1, sse4.2, popcnt, avx, avx2, aes, clmul, erms, 3dnowpref, lzcnt, ht, tsc, tscinvbit, bmi1, bmi2, adx

Memory: 4k page, physical 8104744k(1121572k free), swap 27674532k(0k free)

vm_info: Java HotSpot(TM) 64-Bit Server VM (25.341-b10) for windows-amd64 JRE (1.8.0_341-b10), built on Jun 16 2022 15:51:07 by "java_re" with MS VC++ 15.9 (VS2017)

time: Fri Nov 10 23:15:16 2023
timezone: Bangladesh Standard Time
elapsed time: 881.355425 seconds (0d 0h 14m 41s)

